03-02 02:58:56 com_github_MitjaNemec_PlaceFootprints.action_place_footprints 674:Plugin executed on: 'win32'
03-02 02:58:56 com_github_MitjaNemec_PlaceFootprints.action_place_footprints 675:Plugin executed with python version: '3.11.5 (main, Nov  6 2025, 07:48:09) [MSC v.1944 64 bit (AMD64)]'
03-02 02:58:56 com_github_MitjaNemec_PlaceFootprints.action_place_footprints 676:KiCad build version: 9.0.7
03-02 02:58:56 com_github_MitjaNemec_PlaceFootprints.action_place_footprints 677:Plugin version: 4.0.1
03-02 02:58:56 com_github_MitjaNemec_PlaceFootprints.action_place_footprints 678:Frame repr: <wx._core.Frame object at 0x0000029758C463B0>
03-02 02:58:56 com_github_MitjaNemec_PlaceFootprints.place_footprints 121:getting a list of all footprints on board
03-02 02:58:56 com_github_MitjaNemec_PlaceFootprints.place_footprints 156:Footprint SW1 on root level
03-02 02:58:56 com_github_MitjaNemec_PlaceFootprints.place_footprints 156:Footprint SW3 on root level
03-02 02:58:56 com_github_MitjaNemec_PlaceFootprints.place_footprints 156:Footprint SW4 on root level
03-02 02:58:56 com_github_MitjaNemec_PlaceFootprints.place_footprints 156:Footprint SW2 on root level
03-02 02:58:56 com_github_MitjaNemec_PlaceFootprints.place_footprints 156:Footprint SW6 on root level
03-02 02:58:56 com_github_MitjaNemec_PlaceFootprints.place_footprints 156:Footprint SW5 on root level
03-02 02:58:56 com_github_MitjaNemec_PlaceFootprints.place_footprints 156:Footprint SW8 on root level
03-02 02:58:56 com_github_MitjaNemec_PlaceFootprints.place_footprints 156:Footprint SW7 on root level
03-02 02:58:56 com_github_MitjaNemec_PlaceFootprints.place_footprints 156:Footprint SW11 on root level
03-02 02:58:56 com_github_MitjaNemec_PlaceFootprints.place_footprints 156:Footprint SW12 on root level
03-02 02:58:56 com_github_MitjaNemec_PlaceFootprints.place_footprints 156:Footprint SW10 on root level
03-02 02:58:56 com_github_MitjaNemec_PlaceFootprints.place_footprints 156:Footprint SW9 on root level
03-02 02:58:56 com_github_MitjaNemec_PlaceFootprints.place_footprints 156:Footprint SW14 on root level
03-02 02:58:56 com_github_MitjaNemec_PlaceFootprints.place_footprints 156:Footprint SW13 on root level
03-02 02:58:56 com_github_MitjaNemec_PlaceFootprints.place_footprints 156:Footprint SW16 on root level
03-02 02:58:56 com_github_MitjaNemec_PlaceFootprints.place_footprints 156:Footprint SW15 on root level
03-02 02:58:56 com_github_MitjaNemec_PlaceFootprints.place_footprints 156:Footprint SW17 on root level
03-02 02:58:56 com_github_MitjaNemec_PlaceFootprints.place_footprints 156:Footprint SW18 on root level
03-02 02:58:56 com_github_MitjaNemec_PlaceFootprints.place_footprints 156:Footprint SW19 on root level
03-02 02:58:56 com_github_MitjaNemec_PlaceFootprints.place_footprints 156:Footprint SW20 on root level
03-02 02:58:56 com_github_MitjaNemec_PlaceFootprints.place_footprints 156:Footprint A1 on root level
03-02 02:58:56 com_github_MitjaNemec_PlaceFootprints.place_footprints 156:Footprint D1 on root level
03-02 02:58:56 com_github_MitjaNemec_PlaceFootprints.place_footprints 156:Footprint D2 on root level
03-02 02:58:56 com_github_MitjaNemec_PlaceFootprints.place_footprints 156:Footprint D3 on root level
03-02 02:58:56 com_github_MitjaNemec_PlaceFootprints.place_footprints 156:Footprint D4 on root level
03-02 02:58:56 com_github_MitjaNemec_PlaceFootprints.place_footprints 156:Footprint D5 on root level
03-02 02:58:56 com_github_MitjaNemec_PlaceFootprints.place_footprints 156:Footprint D6 on root level
03-02 02:58:56 com_github_MitjaNemec_PlaceFootprints.place_footprints 156:Footprint D7 on root level
03-02 02:58:56 com_github_MitjaNemec_PlaceFootprints.place_footprints 156:Footprint D8 on root level
03-02 02:58:56 com_github_MitjaNemec_PlaceFootprints.place_footprints 156:Footprint D9 on root level
03-02 02:58:56 com_github_MitjaNemec_PlaceFootprints.place_footprints 156:Footprint D10 on root level
03-02 02:58:56 com_github_MitjaNemec_PlaceFootprints.place_footprints 156:Footprint D11 on root level
03-02 02:58:56 com_github_MitjaNemec_PlaceFootprints.place_footprints 156:Footprint D12 on root level
03-02 02:58:56 com_github_MitjaNemec_PlaceFootprints.place_footprints 156:Footprint D13 on root level
03-02 02:58:56 com_github_MitjaNemec_PlaceFootprints.place_footprints 156:Footprint D14 on root level
03-02 02:58:56 com_github_MitjaNemec_PlaceFootprints.place_footprints 156:Footprint D15 on root level
03-02 02:58:56 com_github_MitjaNemec_PlaceFootprints.place_footprints 156:Footprint D16 on root level
03-02 02:58:56 com_github_MitjaNemec_PlaceFootprints.place_footprints 156:Footprint D17 on root level
03-02 02:58:56 com_github_MitjaNemec_PlaceFootprints.place_footprints 156:Footprint D18 on root level
03-02 02:58:56 com_github_MitjaNemec_PlaceFootprints.place_footprints 156:Footprint D19 on root level
03-02 02:58:56 com_github_MitjaNemec_PlaceFootprints.place_footprints 156:Footprint D20 on root level
03-02 02:58:56 com_github_MitjaNemec_PlaceFootprints.action_place_footprints 717:Reference footprint='SW1'
03-02 02:58:58 com_github_MitjaNemec_PlaceFootprints.action_place_footprints 858:Reference designator is: SW
03-02 02:58:58 com_github_MitjaNemec_PlaceFootprints.action_place_footprints 859:Reference number is: 1
03-02 02:58:58 com_github_MitjaNemec_PlaceFootprints.action_place_footprints 891:Sorted and filtered list:
['SW1', 'SW2', 'SW3', 'SW4', 'SW5', 'SW6', 'SW7', 'SW8', 'SW9', 'SW10', 'SW11', 'SW12', 'SW13', 'SW14', 'SW15', 'SW16', 'SW17', 'SW18', 'SW19', 'SW20']
03-02 02:58:59 com_github_MitjaNemec_PlaceFootprints.action_place_footprints 376:wx.Colour(240, 240, 240, 255)
03-02 02:59:05 com_github_MitjaNemec_PlaceFootprints.action_place_footprints 507:'14.550'
03-02 02:59:05 com_github_MitjaNemec_PlaceFootprints.action_place_footprints 566:Preparing config for reference matrix
03-02 02:59:05 com_github_MitjaNemec_PlaceFootprints.action_place_footprints 573:Saving config file
03-02 02:59:05 com_github_MitjaNemec_PlaceFootprints.action_place_footprints 575:Saved the config file
03-02 02:59:05 com_github_MitjaNemec_PlaceFootprints.action_place_footprints 929:Footprints to place:
['SW1', 'SW2', 'SW3', 'SW4', 'SW5', 'SW6', 'SW7', 'SW8', 'SW9', 'SW10', 'SW11', 'SW12', 'SW13', 'SW14', 'SW15', 'SW16', 'SW17', 'SW18', 'SW19', 'SW20']
03-02 02:59:05 com_github_MitjaNemec_PlaceFootprints.place_footprints 427:Starting placing with matrix layout
03-02 02:59:05 com_github_MitjaNemec_PlaceFootprints.action_place_footprints 999:Placing complete
